<?xml version="1.0" encoding="UTF-8"?>
<!-- Generated by org.testng.reporters.JUnitXMLReporter -->
<testsuite ignored="0" hostname="Brain-ПК" failures="1" tests="5" name="Command line test b5697ba9-7bf0-4916-a0e5-16406cb6133a" time="11.598" errors="0" timestamp="13 серп. 2019 15:11:34 GMT">
  <testcase classname="test.TestSearch" name="TestElementsInSearch" time="0.827"/>
  <testcase classname="test.TestSearch" name="TestEmptyPage" time="0.512"/>
  <testcase classname="test.TestSearch" name="TestSearchResultSortAZ" time="0.821"/>
  <testcase classname="test.TestSearch" name="TestSearchResultSortAZNotWork" time="0.977">
    <failure type="java.lang.AssertionError" message="Lists differ at element [0]: Customizable Mug != Pack Mug + Framed Poster expected [Customizable Mug] but found [Pack Mug + Framed Poster]">
      <![CDATA[java.lang.AssertionError: Lists differ at element [0]: Customizable Mug != Pack Mug + Framed Poster expected [Customizable Mug] but found [Pack Mug + Framed Poster]
at test.TestSearch.TestSearchResultSortAZNotWork(TestSearch.java:144)
... Removed 34 stack frames]]>
    </failure>
  </testcase> <!-- TestSearchResultSortAZNotWork -->
  <testcase classname="test.TestSearch" name="TetsAfterSearch" time="0.643"/>
</testsuite> <!-- Command line test b5697ba9-7bf0-4916-a0e5-16406cb6133a -->
