<?xml version="1.0" encoding="UTF-8"?>
<!-- Generated by org.testng.reporters.JUnitXMLReporter -->
<testsuite ignored="0" hostname="Brain-ПК" failures="1" tests="4" name="Cart Functional Test" time="24.934" errors="0" timestamp="13 серп. 2019 15:50:41 GMT">
  <testcase classname="test.TestCartFunctional" name="addProductToCart" time="3.253"/>
  <testcase classname="test.TestCartFunctional" name="deleteProductFromShoppingCart" time="4.694"/>
  <testcase classname="test.TestCartFunctional" name="priceProductFromShoppingCart" time="5.818"/>
  <testcase classname="test.TestCartFunctional" name="wrongAddProductToCart" time="2.767">
    <failure type="java.lang.AssertionError" message="expected [true] but found [false]">
      <![CDATA[java.lang.AssertionError: expected [true] but found [false]
at test.TestCartFunctional.wrongAddProductToCart(TestCartFunctional.java:84)
... Removed 33 stack frames]]>
    </failure>
  </testcase> <!-- wrongAddProductToCart -->
</testsuite> <!-- Cart Functional Test -->
