<?xml version="1.0" encoding="UTF-8"?>
<!-- Generated by org.testng.reporters.JUnitXMLReporter -->
<testsuite ignored="0" hostname="Brain-ПК" failures="0" tests="5" name="Horizontal And Vertical Menu Test" time="14.81" errors="0" timestamp="13 серп. 2019 15:50:16 GMT">
  <testcase classname="test.HorizontalAndVerticalTest" name="checkClothes" time="1.044"/>
  <testcase classname="test.HorizontalAndVerticalTest" name="checkMenClothes" time="1.668"/>
  <testcase classname="test.HorizontalAndVerticalTest" name="checkAccessories" time="0.9"/>
  <testcase classname="test.HorizontalAndVerticalTest" name="checkStationeryAccessories" time="0.676"/>
  <testcase classname="test.HorizontalAndVerticalTest" name="checkArt" time="0.693"/>
</testsuite> <!-- Horizontal And Vertical Menu Test -->
