<?xml version="1.0" encoding="UTF-8"?>
<!-- Generated by org.testng.reporters.JUnitXMLReporter -->
<testsuite ignored="0" hostname="Brain-ПК" failures="0" tests="5" name="Horizontal And Vertical Menu Test" time="13.598" errors="0" timestamp="13 серп. 2019 16:11:09 GMT">
  <testcase classname="test.HorizontalAndVerticalTest" name="checkClothes" time="1.055"/>
  <testcase classname="test.HorizontalAndVerticalTest" name="checkMenClothes" time="1.665"/>
  <testcase classname="test.HorizontalAndVerticalTest" name="checkAccessories" time="0.82"/>
  <testcase classname="test.HorizontalAndVerticalTest" name="checkStationeryAccessories" time="0.626"/>
  <testcase classname="test.HorizontalAndVerticalTest" name="checkArt" time="0.914"/>
</testsuite> <!-- Horizontal And Vertical Menu Test -->
