<?xml version="1.0" encoding="UTF-8"?>
<!-- Generated by org.testng.reporters.JUnitXMLReporter -->
<testsuite ignored="0" hostname="Brain-ПК" failures="1" tests="5" name="Search Test" time="14.843" errors="0" timestamp="13 серп. 2019 15:50:01 GMT">
  <testcase classname="test.TestSearch" name="TestElementsInSearch" time="1.505"/>
  <testcase classname="test.TestSearch" name="TestEmptyPage" time="0.518"/>
  <testcase classname="test.TestSearch" name="TestSearchResultSortAZ" time="0.804"/>
  <testcase classname="test.TestSearch" name="TestSearchResultSortAZNotWork" time="1.088">
    <failure type="java.lang.AssertionError" message="Lists differ at element [0]: Customizable Mug != Pack Mug + Framed Poster expected [Customizable Mug] but found [Pack Mug + Framed Poster]">
      <![CDATA[java.lang.AssertionError: Lists differ at element [0]: Customizable Mug != Pack Mug + Framed Poster expected [Customizable Mug] but found [Pack Mug + Framed Poster]
at test.TestSearch.TestSearchResultSortAZNotWork(TestSearch.java:144)
... Removed 34 stack frames]]>
    </failure>
  </testcase> <!-- TestSearchResultSortAZNotWork -->
  <testcase classname="test.TestSearch" name="TetsAfterSearch" time="0.665"/>
</testsuite> <!-- Search Test -->
