<?xml version="1.0" encoding="UTF-8"?>
<!-- Generated by org.testng.reporters.JUnitXMLReporter -->
<testsuite ignored="0" hostname="Brain-ПК" failures="0" tests="5" name="Command line test ae4f8216-4ed1-457f-8772-e95f49957b13" time="20.696" errors="0" timestamp="13 серп. 2019 15:09:35 GMT">
  <testcase classname="test.HorizontalAndVerticalTest" name="checkClothes" time="1.209"/>
  <testcase classname="test.HorizontalAndVerticalTest" name="checkMenClothes" time="1.685"/>
  <testcase classname="test.HorizontalAndVerticalTest" name="checkAccessories" time="0.884"/>
  <testcase classname="test.HorizontalAndVerticalTest" name="checkStationeryAccessories" time="0.653"/>
  <testcase classname="test.HorizontalAndVerticalTest" name="checkArt" time="0.667"/>
</testsuite> <!-- Command line test ae4f8216-4ed1-457f-8772-e95f49957b13 -->
