<?xml version="1.0" encoding="UTF-8"?>
<testng-results ignored="0" total="20" passed="16" failed="4" skipped="0">
  <reporter-output>
  </reporter-output>
  <suite started-at="2019-08-13T15:49:13Z" name="PrestashopTest" finished-at="2019-08-13T15:50:41Z" duration-ms="88134">
    <groups>
    </groups>
    <test started-at="2019-08-13T15:49:13Z" name="Currency TEst" finished-at="2019-08-13T15:49:46Z" duration-ms="33450">
      <class name="test.AllureTestCurrency">
        <test-method is-config="true" signature="setUp()[pri:0, instance:test.AllureTestCurrency@2b97cc1f]" started-at="2019-08-13T15:49:13Z" name="setUp" finished-at="2019-08-13T15:49:19Z" duration-ms="5828" status="PASS">
          <reporter-output>
          </reporter-output>
        </test-method> <!-- setUp -->
        <test-method is-config="true" signature="beforeMethod()[pri:0, instance:test.AllureTestCurrency@2b97cc1f]" started-at="2019-08-13T15:49:19Z" name="beforeMethod" finished-at="2019-08-13T15:49:21Z" duration-ms="2360" status="PASS">
          <reporter-output>
          </reporter-output>
        </test-method> <!-- beforeMethod -->
        <test-method signature="checkCurrency(data.Currencies, java.lang.String)[pri:1, instance:test.AllureTestCurrency@2b97cc1f]" started-at="2019-08-13T15:49:21Z" name="checkCurrency" data-provider="currencyData" finished-at="2019-08-13T15:49:24Z" duration-ms="2557" status="PASS">
          <params>
            <param index="0">
              <value>
                <![CDATA[Euro]]>
              </value>
            </param>
            <param index="1">
              <value>
                <![CDATA[Euro]]>
              </value>
            </param>
          </params>
          <reporter-output>
          </reporter-output>
        </test-method> <!-- checkCurrency -->
        <test-method is-config="true" signature="afterMethod(org.testng.ITestResult)[pri:0, instance:test.AllureTestCurrency@2b97cc1f]" started-at="2019-08-13T15:49:24Z" name="afterMethod" finished-at="2019-08-13T15:49:24Z" duration-ms="4" status="PASS">
          <params>
            <param index="0">
              <value>
                <![CDATA[[TestResult name=checkCurrency status=SUCCESS method=AllureTestCurrency.checkCurrency(data.Currencies, java.lang.String)[pri:1, instance:test.AllureTestCurrency@2b97cc1f] output={null}]]]>
              </value>
            </param>
          </params>
          <reporter-output>
          </reporter-output>
        </test-method> <!-- afterMethod -->
        <test-method is-config="true" signature="beforeMethod()[pri:0, instance:test.AllureTestCurrency@2b97cc1f]" started-at="2019-08-13T15:49:24Z" name="beforeMethod" finished-at="2019-08-13T15:49:24Z" duration-ms="333" status="PASS">
          <reporter-output>
          </reporter-output>
        </test-method> <!-- beforeMethod -->
        <test-method signature="checkCurrency(data.Currencies, java.lang.String)[pri:1, instance:test.AllureTestCurrency@2b97cc1f]" started-at="2019-08-13T15:49:24Z" name="checkCurrency" data-provider="currencyData" finished-at="2019-08-13T15:49:26Z" duration-ms="2102" status="PASS">
          <params>
            <param index="0">
              <value>
                <![CDATA[Ukrainian Hryvnia]]>
              </value>
            </param>
            <param index="1">
              <value>
                <![CDATA[Ukrainian Hryvnia]]>
              </value>
            </param>
          </params>
          <reporter-output>
          </reporter-output>
        </test-method> <!-- checkCurrency -->
        <test-method is-config="true" signature="afterMethod(org.testng.ITestResult)[pri:0, instance:test.AllureTestCurrency@2b97cc1f]" started-at="2019-08-13T15:49:26Z" name="afterMethod" finished-at="2019-08-13T15:49:26Z" duration-ms="1" status="PASS">
          <params>
            <param index="0">
              <value>
                <![CDATA[[TestResult name=checkCurrency status=SUCCESS method=AllureTestCurrency.checkCurrency(data.Currencies, java.lang.String)[pri:1, instance:test.AllureTestCurrency@2b97cc1f] output={null}]]]>
              </value>
            </param>
          </params>
          <reporter-output>
          </reporter-output>
        </test-method> <!-- afterMethod -->
        <test-method is-config="true" signature="beforeMethod()[pri:0, instance:test.AllureTestCurrency@2b97cc1f]" started-at="2019-08-13T15:49:26Z" name="beforeMethod" finished-at="2019-08-13T15:49:27Z" duration-ms="302" status="PASS">
          <reporter-output>
          </reporter-output>
        </test-method> <!-- beforeMethod -->
        <test-method signature="checkCurrency(data.Currencies, java.lang.String)[pri:1, instance:test.AllureTestCurrency@2b97cc1f]" started-at="2019-08-13T15:49:27Z" name="checkCurrency" data-provider="currencyData" finished-at="2019-08-13T15:49:29Z" duration-ms="2084" status="PASS">
          <params>
            <param index="0">
              <value>
                <![CDATA[US DOLLAR]]>
              </value>
            </param>
            <param index="1">
              <value>
                <![CDATA[US Dollar]]>
              </value>
            </param>
          </params>
          <reporter-output>
          </reporter-output>
        </test-method> <!-- checkCurrency -->
        <test-method is-config="true" signature="afterMethod(org.testng.ITestResult)[pri:0, instance:test.AllureTestCurrency@2b97cc1f]" started-at="2019-08-13T15:49:29Z" name="afterMethod" finished-at="2019-08-13T15:49:29Z" duration-ms="2" status="PASS">
          <params>
            <param index="0">
              <value>
                <![CDATA[[TestResult name=checkCurrency status=SUCCESS method=AllureTestCurrency.checkCurrency(data.Currencies, java.lang.String)[pri:1, instance:test.AllureTestCurrency@2b97cc1f] output={null}]]]>
              </value>
            </param>
          </params>
          <reporter-output>
          </reporter-output>
        </test-method> <!-- afterMethod -->
        <test-method is-config="true" signature="beforeMethod()[pri:0, instance:test.AllureTestCurrency@2b97cc1f]" started-at="2019-08-13T15:49:29Z" name="beforeMethod" finished-at="2019-08-13T15:49:29Z" duration-ms="356" status="PASS">
          <reporter-output>
          </reporter-output>
        </test-method> <!-- beforeMethod -->
        <test-method signature="checkCurrencyForOneElement()[pri:2, instance:test.AllureTestCurrency@2b97cc1f]" started-at="2019-08-13T15:49:29Z" name="checkCurrencyForOneElement" finished-at="2019-08-13T15:49:33Z" duration-ms="4078" status="PASS">
          <reporter-output>
          </reporter-output>
        </test-method> <!-- checkCurrencyForOneElement -->
        <test-method is-config="true" signature="afterMethod(org.testng.ITestResult)[pri:0, instance:test.AllureTestCurrency@2b97cc1f]" started-at="2019-08-13T15:49:33Z" name="afterMethod" finished-at="2019-08-13T15:49:33Z" duration-ms="0" status="PASS">
          <params>
            <param index="0">
              <value>
                <![CDATA[[TestResult name=checkCurrencyForOneElement status=SUCCESS method=AllureTestCurrency.checkCurrencyForOneElement()[pri:2, instance:test.AllureTestCurrency@2b97cc1f] output={null}]]]>
              </value>
            </param>
          </params>
          <reporter-output>
          </reporter-output>
        </test-method> <!-- afterMethod -->
        <test-method is-config="true" signature="beforeMethod()[pri:0, instance:test.AllureTestCurrency@2b97cc1f]" started-at="2019-08-13T15:49:33Z" name="beforeMethod" finished-at="2019-08-13T15:49:34Z" duration-ms="310" status="PASS">
          <reporter-output>
          </reporter-output>
        </test-method> <!-- beforeMethod -->
        <test-method signature="checkExchangeCurrencyUsdToUa()[pri:3, instance:test.AllureTestCurrency@2b97cc1f]" started-at="2019-08-13T15:49:34Z" name="checkExchangeCurrencyUsdToUa" finished-at="2019-08-13T15:49:38Z" duration-ms="4854" status="FAIL">
          <exception class="java.lang.AssertionError">
            <message>
              <![CDATA[expected [495.21] but found [544.92]]]>
            </message>
            <full-stacktrace>
              <![CDATA[java.lang.AssertionError: expected [495.21] but found [544.92]
at org.testng.Assert.fail(Assert.java:96)
at org.testng.Assert.failNotEquals(Assert.java:776)
at org.testng.Assert.assertEqualsImpl(Assert.java:137)
at org.testng.Assert.assertEquals(Assert.java:118)
at org.testng.Assert.assertEquals(Assert.java:442)
at test.AllureTestCurrency.checkExchangeCurrencyUsdToUa(AllureTestCurrency.java:85)
at java.base/jdk.internal.reflect.NativeMethodAccessorImpl.invoke0(Native Method)
at java.base/jdk.internal.reflect.NativeMethodAccessorImpl.invoke(NativeMethodAccessorImpl.java:62)
at java.base/jdk.internal.reflect.DelegatingMethodAccessorImpl.invoke(DelegatingMethodAccessorImpl.java:43)
at java.base/java.lang.reflect.Method.invoke(Method.java:567)
at org.testng.internal.MethodInvocationHelper.invokeMethod(MethodInvocationHelper.java:124)
at org.testng.internal.Invoker.invokeMethod(Invoker.java:583)
at org.testng.internal.Invoker.invokeTestMethod(Invoker.java:719)
at org.testng.internal.Invoker.invokeTestMethods(Invoker.java:989)
at org.testng.internal.TestMethodWorker.invokeTestMethods(TestMethodWorker.java:125)
at org.testng.internal.TestMethodWorker.run(TestMethodWorker.java:109)
at org.testng.TestRunner.privateRun(TestRunner.java:648)
at org.testng.TestRunner.run(TestRunner.java:505)
at org.testng.SuiteRunner.runTest(SuiteRunner.java:455)
at org.testng.SuiteRunner.runSequentially(SuiteRunner.java:450)
at org.testng.SuiteRunner.privateRun(SuiteRunner.java:415)
at org.testng.SuiteRunner.run(SuiteRunner.java:364)
at org.testng.SuiteRunnerWorker.runSuite(SuiteRunnerWorker.java:52)
at org.testng.SuiteRunnerWorker.run(SuiteRunnerWorker.java:84)
at org.testng.TestNG.runSuitesSequentially(TestNG.java:1208)
at org.testng.TestNG.runSuitesLocally(TestNG.java:1137)
at org.testng.TestNG.runSuites(TestNG.java:1049)
at org.testng.TestNG.run(TestNG.java:1017)
at org.apache.maven.surefire.testng.TestNGExecutor.run(TestNGExecutor.java:283)
at org.apache.maven.surefire.testng.TestNGXmlTestSuite.execute(TestNGXmlTestSuite.java:75)
at org.apache.maven.surefire.testng.TestNGProvider.invoke(TestNGProvider.java:120)
at org.apache.maven.surefire.booter.ForkedBooter.invokeProviderInSameClassLoader(ForkedBooter.java:384)
at org.apache.maven.surefire.booter.ForkedBooter.runSuitesInProcess(ForkedBooter.java:345)
at org.apache.maven.surefire.booter.ForkedBooter.execute(ForkedBooter.java:126)
at org.apache.maven.surefire.booter.ForkedBooter.main(ForkedBooter.java:418)
]]>
            </full-stacktrace>
          </exception> <!-- java.lang.AssertionError -->
          <reporter-output>
          </reporter-output>
        </test-method> <!-- checkExchangeCurrencyUsdToUa -->
        <test-method is-config="true" signature="afterMethod(org.testng.ITestResult)[pri:0, instance:test.AllureTestCurrency@2b97cc1f]" started-at="2019-08-13T15:49:38Z" name="afterMethod" finished-at="2019-08-13T15:49:39Z" duration-ms="328" status="PASS">
          <params>
            <param index="0">
              <value>
                <![CDATA[[TestResult name=checkExchangeCurrencyUsdToUa status=FAILURE method=AllureTestCurrency.checkExchangeCurrencyUsdToUa()[pri:3, instance:test.AllureTestCurrency@2b97cc1f] output={null}]]]>
              </value>
            </param>
          </params>
          <reporter-output>
          </reporter-output>
        </test-method> <!-- afterMethod -->
        <test-method is-config="true" signature="beforeMethod()[pri:0, instance:test.AllureTestCurrency@2b97cc1f]" started-at="2019-08-13T15:49:39Z" name="beforeMethod" finished-at="2019-08-13T15:49:39Z" duration-ms="374" status="PASS">
          <reporter-output>
          </reporter-output>
        </test-method> <!-- beforeMethod -->
        <test-method signature="checkExchangeCurrencyUsdToEu()[pri:4, instance:test.AllureTestCurrency@2b97cc1f]" started-at="2019-08-13T15:49:39Z" name="checkExchangeCurrencyUsdToEu" finished-at="2019-08-13T15:49:46Z" duration-ms="6339" status="FAIL">
          <exception class="java.lang.AssertionError">
            <message>
              <![CDATA[expected [15.3] but found [0.0]]]>
            </message>
            <full-stacktrace>
              <![CDATA[java.lang.AssertionError: expected [15.3] but found [0.0]
at org.testng.Assert.fail(Assert.java:96)
at org.testng.Assert.failNotEquals(Assert.java:776)
at org.testng.Assert.assertEqualsImpl(Assert.java:137)
at org.testng.Assert.assertEquals(Assert.java:118)
at org.testng.Assert.assertEquals(Assert.java:442)
at test.AllureTestCurrency.checkExchangeCurrencyUsdToEu(AllureTestCurrency.java:114)
at java.base/jdk.internal.reflect.NativeMethodAccessorImpl.invoke0(Native Method)
at java.base/jdk.internal.reflect.NativeMethodAccessorImpl.invoke(NativeMethodAccessorImpl.java:62)
at java.base/jdk.internal.reflect.DelegatingMethodAccessorImpl.invoke(DelegatingMethodAccessorImpl.java:43)
at java.base/java.lang.reflect.Method.invoke(Method.java:567)
at org.testng.internal.MethodInvocationHelper.invokeMethod(MethodInvocationHelper.java:124)
at org.testng.internal.Invoker.invokeMethod(Invoker.java:583)
at org.testng.internal.Invoker.invokeTestMethod(Invoker.java:719)
at org.testng.internal.Invoker.invokeTestMethods(Invoker.java:989)
at org.testng.internal.TestMethodWorker.invokeTestMethods(TestMethodWorker.java:125)
at org.testng.internal.TestMethodWorker.run(TestMethodWorker.java:109)
at org.testng.TestRunner.privateRun(TestRunner.java:648)
at org.testng.TestRunner.run(TestRunner.java:505)
at org.testng.SuiteRunner.runTest(SuiteRunner.java:455)
at org.testng.SuiteRunner.runSequentially(SuiteRunner.java:450)
at org.testng.SuiteRunner.privateRun(SuiteRunner.java:415)
at org.testng.SuiteRunner.run(SuiteRunner.java:364)
at org.testng.SuiteRunnerWorker.runSuite(SuiteRunnerWorker.java:52)
at org.testng.SuiteRunnerWorker.run(SuiteRunnerWorker.java:84)
at org.testng.TestNG.runSuitesSequentially(TestNG.java:1208)
at org.testng.TestNG.runSuitesLocally(TestNG.java:1137)
at org.testng.TestNG.runSuites(TestNG.java:1049)
at org.testng.TestNG.run(TestNG.java:1017)
at org.apache.maven.surefire.testng.TestNGExecutor.run(TestNGExecutor.java:283)
at org.apache.maven.surefire.testng.TestNGXmlTestSuite.execute(TestNGXmlTestSuite.java:75)
at org.apache.maven.surefire.testng.TestNGProvider.invoke(TestNGProvider.java:120)
at org.apache.maven.surefire.booter.ForkedBooter.invokeProviderInSameClassLoader(ForkedBooter.java:384)
at org.apache.maven.surefire.booter.ForkedBooter.runSuitesInProcess(ForkedBooter.java:345)
at org.apache.maven.surefire.booter.ForkedBooter.execute(ForkedBooter.java:126)
at org.apache.maven.surefire.booter.ForkedBooter.main(ForkedBooter.java:418)
]]>
            </full-stacktrace>
          </exception> <!-- java.lang.AssertionError -->
          <reporter-output>
          </reporter-output>
        </test-method> <!-- checkExchangeCurrencyUsdToEu -->
        <test-method is-config="true" signature="afterMethod(org.testng.ITestResult)[pri:0, instance:test.AllureTestCurrency@2b97cc1f]" started-at="2019-08-13T15:49:46Z" name="afterMethod" finished-at="2019-08-13T15:49:46Z" duration-ms="270" status="PASS">
          <params>
            <param index="0">
              <value>
                <![CDATA[[TestResult name=checkExchangeCurrencyUsdToEu status=FAILURE method=AllureTestCurrency.checkExchangeCurrencyUsdToEu()[pri:4, instance:test.AllureTestCurrency@2b97cc1f] output={null}]]]>
              </value>
            </param>
          </params>
          <reporter-output>
          </reporter-output>
        </test-method> <!-- afterMethod -->
        <test-method is-config="true" signature="tearDown()[pri:0, instance:test.AllureTestCurrency@2b97cc1f]" started-at="2019-08-13T15:49:46Z" name="tearDown" finished-at="2019-08-13T15:49:46Z" duration-ms="613" status="PASS">
          <reporter-output>
          </reporter-output>
        </test-method> <!-- tearDown -->
      </class> <!-- test.AllureTestCurrency -->
    </test> <!-- Currency TEst -->
    <test started-at="2019-08-13T15:49:46Z" name="Search Test" finished-at="2019-08-13T15:50:01Z" duration-ms="14843">
      <class name="test.TestSearch">
        <test-method is-config="true" signature="setUp()[pri:0, instance:test.TestSearch@56da52a7]" started-at="2019-08-13T15:49:47Z" name="setUp" finished-at="2019-08-13T15:49:52Z" duration-ms="5035" status="PASS">
          <reporter-output>
          </reporter-output>
        </test-method> <!-- setUp -->
        <test-method is-config="true" signature="beforeMethod()[pri:0, instance:test.TestSearch@56da52a7]" started-at="2019-08-13T15:49:52Z" name="beforeMethod" finished-at="2019-08-13T15:49:54Z" duration-ms="2610" status="PASS">
          <reporter-output>
          </reporter-output>
        </test-method> <!-- beforeMethod -->
        <test-method signature="TestElementsInSearch()[pri:0, instance:test.TestSearch@56da52a7]" started-at="2019-08-13T15:49:54Z" name="TestElementsInSearch" finished-at="2019-08-13T15:49:56Z" duration-ms="1505" status="PASS">
          <reporter-output>
          </reporter-output>
        </test-method> <!-- TestElementsInSearch -->
        <test-method is-config="true" signature="afterMethod(org.testng.ITestResult)[pri:0, instance:test.TestSearch@56da52a7]" started-at="2019-08-13T15:49:56Z" name="afterMethod" finished-at="2019-08-13T15:49:56Z" duration-ms="0" status="PASS">
          <params>
            <param index="0">
              <value>
                <![CDATA[[TestResult name=TestElementsInSearch status=SUCCESS method=TestSearch.TestElementsInSearch()[pri:0, instance:test.TestSearch@56da52a7] output={null}]]]>
              </value>
            </param>
          </params>
          <reporter-output>
          </reporter-output>
        </test-method> <!-- afterMethod -->
        <test-method is-config="true" signature="beforeMethod()[pri:0, instance:test.TestSearch@56da52a7]" started-at="2019-08-13T15:49:56Z" name="beforeMethod" finished-at="2019-08-13T15:49:56Z" duration-ms="330" status="PASS">
          <reporter-output>
          </reporter-output>
        </test-method> <!-- beforeMethod -->
        <test-method signature="TestEmptyPage()[pri:0, instance:test.TestSearch@56da52a7]" started-at="2019-08-13T15:49:56Z" name="TestEmptyPage" finished-at="2019-08-13T15:49:57Z" duration-ms="518" status="PASS">
          <reporter-output>
          </reporter-output>
        </test-method> <!-- TestEmptyPage -->
        <test-method is-config="true" signature="afterMethod(org.testng.ITestResult)[pri:0, instance:test.TestSearch@56da52a7]" started-at="2019-08-13T15:49:57Z" name="afterMethod" finished-at="2019-08-13T15:49:57Z" duration-ms="1" status="PASS">
          <params>
            <param index="0">
              <value>
                <![CDATA[[TestResult name=TestEmptyPage status=SUCCESS method=TestSearch.TestEmptyPage()[pri:0, instance:test.TestSearch@56da52a7] output={null}]]]>
              </value>
            </param>
          </params>
          <reporter-output>
          </reporter-output>
        </test-method> <!-- afterMethod -->
        <test-method is-config="true" signature="beforeMethod()[pri:0, instance:test.TestSearch@56da52a7]" started-at="2019-08-13T15:49:57Z" name="beforeMethod" finished-at="2019-08-13T15:49:57Z" duration-ms="336" status="PASS">
          <reporter-output>
          </reporter-output>
        </test-method> <!-- beforeMethod -->
        <test-method signature="TestSearchResultSortAZ()[pri:0, instance:test.TestSearch@56da52a7]" started-at="2019-08-13T15:49:57Z" name="TestSearchResultSortAZ" finished-at="2019-08-13T15:49:58Z" duration-ms="804" status="PASS">
          <reporter-output>
          </reporter-output>
        </test-method> <!-- TestSearchResultSortAZ -->
        <test-method is-config="true" signature="afterMethod(org.testng.ITestResult)[pri:0, instance:test.TestSearch@56da52a7]" started-at="2019-08-13T15:49:58Z" name="afterMethod" finished-at="2019-08-13T15:49:58Z" duration-ms="1" status="PASS">
          <params>
            <param index="0">
              <value>
                <![CDATA[[TestResult name=TestSearchResultSortAZ status=SUCCESS method=TestSearch.TestSearchResultSortAZ()[pri:0, instance:test.TestSearch@56da52a7] output={null}]]]>
              </value>
            </param>
          </params>
          <reporter-output>
          </reporter-output>
        </test-method> <!-- afterMethod -->
        <test-method is-config="true" signature="beforeMethod()[pri:0, instance:test.TestSearch@56da52a7]" started-at="2019-08-13T15:49:58Z" name="beforeMethod" finished-at="2019-08-13T15:49:58Z" duration-ms="524" status="PASS">
          <reporter-output>
          </reporter-output>
        </test-method> <!-- beforeMethod -->
        <test-method signature="TestSearchResultSortAZNotWork()[pri:0, instance:test.TestSearch@56da52a7]" started-at="2019-08-13T15:49:58Z" name="TestSearchResultSortAZNotWork" finished-at="2019-08-13T15:49:59Z" duration-ms="1088" status="FAIL">
          <exception class="java.lang.AssertionError">
            <message>
              <![CDATA[Lists differ at element [0]: Customizable Mug != Pack Mug + Framed Poster expected [Customizable Mug] but found [Pack Mug + Framed Poster]]]>
            </message>
            <full-stacktrace>
              <![CDATA[java.lang.AssertionError: Lists differ at element [0]: Customizable Mug != Pack Mug + Framed Poster expected [Customizable Mug] but found [Pack Mug + Framed Poster]
at org.testng.Assert.fail(Assert.java:96)
at org.testng.Assert.failNotEquals(Assert.java:776)
at org.testng.Assert.assertEqualsImpl(Assert.java:137)
at org.testng.Assert.assertEquals(Assert.java:831)
at org.testng.Assert.assertEquals(Assert.java:796)
at test.TestSearch.TestSearchResultSortAZNotWork(TestSearch.java:144)
at java.base/jdk.internal.reflect.NativeMethodAccessorImpl.invoke0(Native Method)
at java.base/jdk.internal.reflect.NativeMethodAccessorImpl.invoke(NativeMethodAccessorImpl.java:62)
at java.base/jdk.internal.reflect.DelegatingMethodAccessorImpl.invoke(DelegatingMethodAccessorImpl.java:43)
at java.base/java.lang.reflect.Method.invoke(Method.java:567)
at org.testng.internal.MethodInvocationHelper.invokeMethod(MethodInvocationHelper.java:124)
at org.testng.internal.Invoker.invokeMethod(Invoker.java:583)
at org.testng.internal.Invoker.invokeTestMethod(Invoker.java:719)
at org.testng.internal.Invoker.invokeTestMethods(Invoker.java:989)
at org.testng.internal.TestMethodWorker.invokeTestMethods(TestMethodWorker.java:125)
at org.testng.internal.TestMethodWorker.run(TestMethodWorker.java:109)
at org.testng.TestRunner.privateRun(TestRunner.java:648)
at org.testng.TestRunner.run(TestRunner.java:505)
at org.testng.SuiteRunner.runTest(SuiteRunner.java:455)
at org.testng.SuiteRunner.runSequentially(SuiteRunner.java:450)
at org.testng.SuiteRunner.privateRun(SuiteRunner.java:415)
at org.testng.SuiteRunner.run(SuiteRunner.java:364)
at org.testng.SuiteRunnerWorker.runSuite(SuiteRunnerWorker.java:52)
at org.testng.SuiteRunnerWorker.run(SuiteRunnerWorker.java:84)
at org.testng.TestNG.runSuitesSequentially(TestNG.java:1208)
at org.testng.TestNG.runSuitesLocally(TestNG.java:1137)
at org.testng.TestNG.runSuites(TestNG.java:1049)
at org.testng.TestNG.run(TestNG.java:1017)
at org.apache.maven.surefire.testng.TestNGExecutor.run(TestNGExecutor.java:283)
at org.apache.maven.surefire.testng.TestNGXmlTestSuite.execute(TestNGXmlTestSuite.java:75)
at org.apache.maven.surefire.testng.TestNGProvider.invoke(TestNGProvider.java:120)
at org.apache.maven.surefire.booter.ForkedBooter.invokeProviderInSameClassLoader(ForkedBooter.java:384)
at org.apache.maven.surefire.booter.ForkedBooter.runSuitesInProcess(ForkedBooter.java:345)
at org.apache.maven.surefire.booter.ForkedBooter.execute(ForkedBooter.java:126)
at org.apache.maven.surefire.booter.ForkedBooter.main(ForkedBooter.java:418)
]]>
            </full-stacktrace>
          </exception> <!-- java.lang.AssertionError -->
          <reporter-output>
          </reporter-output>
        </test-method> <!-- TestSearchResultSortAZNotWork -->
        <test-method is-config="true" signature="afterMethod(org.testng.ITestResult)[pri:0, instance:test.TestSearch@56da52a7]" started-at="2019-08-13T15:49:59Z" name="afterMethod" finished-at="2019-08-13T15:50:00Z" duration-ms="320" status="PASS">
          <params>
            <param index="0">
              <value>
                <![CDATA[[TestResult name=TestSearchResultSortAZNotWork status=FAILURE method=TestSearch.TestSearchResultSortAZNotWork()[pri:0, instance:test.TestSearch@56da52a7] output={null}]]]>
              </value>
            </param>
          </params>
          <reporter-output>
          </reporter-output>
        </test-method> <!-- afterMethod -->
        <test-method is-config="true" signature="beforeMethod()[pri:0, instance:test.TestSearch@56da52a7]" started-at="2019-08-13T15:50:00Z" name="beforeMethod" finished-at="2019-08-13T15:50:00Z" duration-ms="315" status="PASS">
          <reporter-output>
          </reporter-output>
        </test-method> <!-- beforeMethod -->
        <test-method signature="TetsAfterSearch()[pri:0, instance:test.TestSearch@56da52a7]" started-at="2019-08-13T15:50:00Z" name="TetsAfterSearch" finished-at="2019-08-13T15:50:01Z" duration-ms="665" status="PASS">
          <reporter-output>
          </reporter-output>
        </test-method> <!-- TetsAfterSearch -->
        <test-method is-config="true" signature="afterMethod(org.testng.ITestResult)[pri:0, instance:test.TestSearch@56da52a7]" started-at="2019-08-13T15:50:01Z" name="afterMethod" finished-at="2019-08-13T15:50:01Z" duration-ms="0" status="PASS">
          <params>
            <param index="0">
              <value>
                <![CDATA[[TestResult name=TetsAfterSearch status=SUCCESS method=TestSearch.TetsAfterSearch()[pri:0, instance:test.TestSearch@56da52a7] output={null}]]]>
              </value>
            </param>
          </params>
          <reporter-output>
          </reporter-output>
        </test-method> <!-- afterMethod -->
        <test-method is-config="true" signature="tearDown()[pri:0, instance:test.TestSearch@56da52a7]" started-at="2019-08-13T15:50:01Z" name="tearDown" finished-at="2019-08-13T15:50:01Z" duration-ms="594" status="PASS">
          <reporter-output>
          </reporter-output>
        </test-method> <!-- tearDown -->
      </class> <!-- test.TestSearch -->
    </test> <!-- Search Test -->
    <test started-at="2019-08-13T15:50:01Z" name="Horizontal And Vertical Menu Test" finished-at="2019-08-13T15:50:16Z" duration-ms="14810">
      <class name="test.HorizontalAndVerticalTest">
        <test-method is-config="true" signature="setUp()[pri:0, instance:test.HorizontalAndVerticalTest@7e46d648]" started-at="2019-08-13T15:50:01Z" name="setUp" finished-at="2019-08-13T15:50:05Z" duration-ms="4030" status="PASS">
          <reporter-output>
          </reporter-output>
        </test-method> <!-- setUp -->
        <test-method is-config="true" signature="beforeMethod()[pri:0, instance:test.HorizontalAndVerticalTest@7e46d648]" started-at="2019-08-13T15:50:05Z" name="beforeMethod" finished-at="2019-08-13T15:50:08Z" duration-ms="2623" status="PASS">
          <reporter-output>
          </reporter-output>
        </test-method> <!-- beforeMethod -->
        <test-method is-config="true" signature="init()[pri:0, instance:test.HorizontalAndVerticalTest@7e46d648]" started-at="2019-08-13T15:50:08Z" name="init" finished-at="2019-08-13T15:50:08Z" duration-ms="228" status="PASS">
          <reporter-output>
          </reporter-output>
        </test-method> <!-- init -->
        <test-method signature="checkClothes()[pri:1, instance:test.HorizontalAndVerticalTest@7e46d648]" started-at="2019-08-13T15:50:08Z" name="checkClothes" finished-at="2019-08-13T15:50:09Z" duration-ms="1044" status="PASS">
          <reporter-output>
          </reporter-output>
        </test-method> <!-- checkClothes -->
        <test-method is-config="true" signature="afterMethod(org.testng.ITestResult)[pri:0, instance:test.HorizontalAndVerticalTest@7e46d648]" started-at="2019-08-13T15:50:09Z" name="afterMethod" finished-at="2019-08-13T15:50:09Z" duration-ms="1" status="PASS">
          <params>
            <param index="0">
              <value>
                <![CDATA[[TestResult name=checkClothes status=SUCCESS method=HorizontalAndVerticalTest.checkClothes()[pri:1, instance:test.HorizontalAndVerticalTest@7e46d648] output={null}]]]>
              </value>
            </param>
          </params>
          <reporter-output>
          </reporter-output>
        </test-method> <!-- afterMethod -->
        <test-method is-config="true" signature="beforeMethod()[pri:0, instance:test.HorizontalAndVerticalTest@7e46d648]" started-at="2019-08-13T15:50:09Z" name="beforeMethod" finished-at="2019-08-13T15:50:10Z" duration-ms="326" status="PASS">
          <reporter-output>
          </reporter-output>
        </test-method> <!-- beforeMethod -->
        <test-method is-config="true" signature="init()[pri:0, instance:test.HorizontalAndVerticalTest@7e46d648]" started-at="2019-08-13T15:50:10Z" name="init" finished-at="2019-08-13T15:50:10Z" duration-ms="262" status="PASS">
          <reporter-output>
          </reporter-output>
        </test-method> <!-- init -->
        <test-method signature="checkMenClothes()[pri:2, instance:test.HorizontalAndVerticalTest@7e46d648]" started-at="2019-08-13T15:50:10Z" name="checkMenClothes" finished-at="2019-08-13T15:50:12Z" duration-ms="1668" status="PASS">
          <reporter-output>
          </reporter-output>
        </test-method> <!-- checkMenClothes -->
        <test-method is-config="true" signature="afterMethod(org.testng.ITestResult)[pri:0, instance:test.HorizontalAndVerticalTest@7e46d648]" started-at="2019-08-13T15:50:12Z" name="afterMethod" finished-at="2019-08-13T15:50:12Z" duration-ms="1" status="PASS">
          <params>
            <param index="0">
              <value>
                <![CDATA[[TestResult name=checkMenClothes status=SUCCESS method=HorizontalAndVerticalTest.checkMenClothes()[pri:2, instance:test.HorizontalAndVerticalTest@7e46d648] output={null}]]]>
              </value>
            </param>
          </params>
          <reporter-output>
          </reporter-output>
        </test-method> <!-- afterMethod -->
        <test-method is-config="true" signature="beforeMethod()[pri:0, instance:test.HorizontalAndVerticalTest@7e46d648]" started-at="2019-08-13T15:50:12Z" name="beforeMethod" finished-at="2019-08-13T15:50:12Z" duration-ms="335" status="PASS">
          <reporter-output>
          </reporter-output>
        </test-method> <!-- beforeMethod -->
        <test-method is-config="true" signature="init()[pri:0, instance:test.HorizontalAndVerticalTest@7e46d648]" started-at="2019-08-13T15:50:12Z" name="init" finished-at="2019-08-13T15:50:12Z" duration-ms="236" status="PASS">
          <reporter-output>
          </reporter-output>
        </test-method> <!-- init -->
        <test-method signature="checkAccessories()[pri:3, instance:test.HorizontalAndVerticalTest@7e46d648]" started-at="2019-08-13T15:50:12Z" name="checkAccessories" finished-at="2019-08-13T15:50:13Z" duration-ms="900" status="PASS">
          <reporter-output>
          </reporter-output>
        </test-method> <!-- checkAccessories -->
        <test-method is-config="true" signature="afterMethod(org.testng.ITestResult)[pri:0, instance:test.HorizontalAndVerticalTest@7e46d648]" started-at="2019-08-13T15:50:13Z" name="afterMethod" finished-at="2019-08-13T15:50:13Z" duration-ms="1" status="PASS">
          <params>
            <param index="0">
              <value>
                <![CDATA[[TestResult name=checkAccessories status=SUCCESS method=HorizontalAndVerticalTest.checkAccessories()[pri:3, instance:test.HorizontalAndVerticalTest@7e46d648] output={null}]]]>
              </value>
            </param>
          </params>
          <reporter-output>
          </reporter-output>
        </test-method> <!-- afterMethod -->
        <test-method is-config="true" signature="beforeMethod()[pri:0, instance:test.HorizontalAndVerticalTest@7e46d648]" started-at="2019-08-13T15:50:13Z" name="beforeMethod" finished-at="2019-08-13T15:50:13Z" duration-ms="370" status="PASS">
          <reporter-output>
          </reporter-output>
        </test-method> <!-- beforeMethod -->
        <test-method is-config="true" signature="init()[pri:0, instance:test.HorizontalAndVerticalTest@7e46d648]" started-at="2019-08-13T15:50:13Z" name="init" finished-at="2019-08-13T15:50:14Z" duration-ms="228" status="PASS">
          <reporter-output>
          </reporter-output>
        </test-method> <!-- init -->
        <test-method signature="checkStationeryAccessories()[pri:4, instance:test.HorizontalAndVerticalTest@7e46d648]" started-at="2019-08-13T15:50:14Z" name="checkStationeryAccessories" finished-at="2019-08-13T15:50:14Z" duration-ms="676" status="PASS">
          <reporter-output>
          </reporter-output>
        </test-method> <!-- checkStationeryAccessories -->
        <test-method is-config="true" signature="afterMethod(org.testng.ITestResult)[pri:0, instance:test.HorizontalAndVerticalTest@7e46d648]" started-at="2019-08-13T15:50:14Z" name="afterMethod" finished-at="2019-08-13T15:50:14Z" duration-ms="0" status="PASS">
          <params>
            <param index="0">
              <value>
                <![CDATA[[TestResult name=checkStationeryAccessories status=SUCCESS method=HorizontalAndVerticalTest.checkStationeryAccessories()[pri:4, instance:test.HorizontalAndVerticalTest@7e46d648] output={null}]]]>
              </value>
            </param>
          </params>
          <reporter-output>
          </reporter-output>
        </test-method> <!-- afterMethod -->
        <test-method is-config="true" signature="beforeMethod()[pri:0, instance:test.HorizontalAndVerticalTest@7e46d648]" started-at="2019-08-13T15:50:14Z" name="beforeMethod" finished-at="2019-08-13T15:50:15Z" duration-ms="319" status="PASS">
          <reporter-output>
          </reporter-output>
        </test-method> <!-- beforeMethod -->
        <test-method is-config="true" signature="init()[pri:0, instance:test.HorizontalAndVerticalTest@7e46d648]" started-at="2019-08-13T15:50:15Z" name="init" finished-at="2019-08-13T15:50:15Z" duration-ms="229" status="PASS">
          <reporter-output>
          </reporter-output>
        </test-method> <!-- init -->
        <test-method signature="checkArt()[pri:5, instance:test.HorizontalAndVerticalTest@7e46d648]" started-at="2019-08-13T15:50:15Z" name="checkArt" finished-at="2019-08-13T15:50:16Z" duration-ms="693" status="PASS">
          <reporter-output>
          </reporter-output>
        </test-method> <!-- checkArt -->
        <test-method is-config="true" signature="afterMethod(org.testng.ITestResult)[pri:0, instance:test.HorizontalAndVerticalTest@7e46d648]" started-at="2019-08-13T15:50:16Z" name="afterMethod" finished-at="2019-08-13T15:50:16Z" duration-ms="0" status="PASS">
          <params>
            <param index="0">
              <value>
                <![CDATA[[TestResult name=checkArt status=SUCCESS method=HorizontalAndVerticalTest.checkArt()[pri:5, instance:test.HorizontalAndVerticalTest@7e46d648] output={null}]]]>
              </value>
            </param>
          </params>
          <reporter-output>
          </reporter-output>
        </test-method> <!-- afterMethod -->
        <test-method is-config="true" signature="tearDown()[pri:0, instance:test.HorizontalAndVerticalTest@7e46d648]" started-at="2019-08-13T15:50:16Z" name="tearDown" finished-at="2019-08-13T15:50:16Z" duration-ms="612" status="PASS">
          <reporter-output>
          </reporter-output>
        </test-method> <!-- tearDown -->
      </class> <!-- test.HorizontalAndVerticalTest -->
    </test> <!-- Horizontal And Vertical Menu Test -->
    <test started-at="2019-08-13T15:50:16Z" name="Cart Functional Test" finished-at="2019-08-13T15:50:41Z" duration-ms="24934">
      <class name="test.TestCartFunctional">
        <test-method is-config="true" signature="setUp()[pri:0, instance:test.TestCartFunctional@75b3673]" started-at="2019-08-13T15:50:16Z" name="setUp" finished-at="2019-08-13T15:50:20Z" duration-ms="4077" status="PASS">
          <reporter-output>
          </reporter-output>
        </test-method> <!-- setUp -->
        <test-method is-config="true" signature="beforeMethod()[pri:0, instance:test.TestCartFunctional@75b3673]" started-at="2019-08-13T15:50:20Z" name="beforeMethod" finished-at="2019-08-13T15:50:23Z" duration-ms="2274" status="PASS">
          <reporter-output>
          </reporter-output>
        </test-method> <!-- beforeMethod -->
        <test-method signature="addProductToCart()[pri:0, instance:test.TestCartFunctional@75b3673]" started-at="2019-08-13T15:50:23Z" name="addProductToCart" finished-at="2019-08-13T15:50:26Z" duration-ms="3253" status="PASS">
          <reporter-output>
          </reporter-output>
        </test-method> <!-- addProductToCart -->
        <test-method is-config="true" signature="afterMethod(org.testng.ITestResult)[pri:0, instance:test.TestCartFunctional@75b3673]" started-at="2019-08-13T15:50:26Z" name="afterMethod" finished-at="2019-08-13T15:50:26Z" duration-ms="0" status="PASS">
          <params>
            <param index="0">
              <value>
                <![CDATA[[TestResult name=addProductToCart status=SUCCESS method=TestCartFunctional.addProductToCart()[pri:0, instance:test.TestCartFunctional@75b3673] output={null}]]]>
              </value>
            </param>
          </params>
          <reporter-output>
          </reporter-output>
        </test-method> <!-- afterMethod -->
        <test-method is-config="true" signature="beforeMethod()[pri:0, instance:test.TestCartFunctional@75b3673]" started-at="2019-08-13T15:50:26Z" name="beforeMethod" finished-at="2019-08-13T15:50:26Z" duration-ms="447" status="PASS">
          <reporter-output>
          </reporter-output>
        </test-method> <!-- beforeMethod -->
        <test-method signature="deleteProductFromShoppingCart()[pri:0, instance:test.TestCartFunctional@75b3673]" started-at="2019-08-13T15:50:26Z" name="deleteProductFromShoppingCart" finished-at="2019-08-13T15:50:31Z" duration-ms="4694" status="PASS">
          <reporter-output>
          </reporter-output>
        </test-method> <!-- deleteProductFromShoppingCart -->
        <test-method is-config="true" signature="afterMethod(org.testng.ITestResult)[pri:0, instance:test.TestCartFunctional@75b3673]" started-at="2019-08-13T15:50:31Z" name="afterMethod" finished-at="2019-08-13T15:50:31Z" duration-ms="0" status="PASS">
          <params>
            <param index="0">
              <value>
                <![CDATA[[TestResult name=deleteProductFromShoppingCart status=SUCCESS method=TestCartFunctional.deleteProductFromShoppingCart()[pri:0, instance:test.TestCartFunctional@75b3673] output={null}]]]>
              </value>
            </param>
          </params>
          <reporter-output>
          </reporter-output>
        </test-method> <!-- afterMethod -->
        <test-method is-config="true" signature="beforeMethod()[pri:0, instance:test.TestCartFunctional@75b3673]" started-at="2019-08-13T15:50:31Z" name="beforeMethod" finished-at="2019-08-13T15:50:31Z" duration-ms="319" status="PASS">
          <reporter-output>
          </reporter-output>
        </test-method> <!-- beforeMethod -->
        <test-method signature="priceProductFromShoppingCart()[pri:0, instance:test.TestCartFunctional@75b3673]" started-at="2019-08-13T15:50:31Z" name="priceProductFromShoppingCart" finished-at="2019-08-13T15:50:37Z" duration-ms="5818" status="PASS">
          <reporter-output>
          </reporter-output>
        </test-method> <!-- priceProductFromShoppingCart -->
        <test-method is-config="true" signature="afterMethod(org.testng.ITestResult)[pri:0, instance:test.TestCartFunctional@75b3673]" started-at="2019-08-13T15:50:37Z" name="afterMethod" finished-at="2019-08-13T15:50:37Z" duration-ms="0" status="PASS">
          <params>
            <param index="0">
              <value>
                <![CDATA[[TestResult name=priceProductFromShoppingCart status=SUCCESS method=TestCartFunctional.priceProductFromShoppingCart()[pri:0, instance:test.TestCartFunctional@75b3673] output={null}]]]>
              </value>
            </param>
          </params>
          <reporter-output>
          </reporter-output>
        </test-method> <!-- afterMethod -->
        <test-method is-config="true" signature="beforeMethod()[pri:0, instance:test.TestCartFunctional@75b3673]" started-at="2019-08-13T15:50:37Z" name="beforeMethod" finished-at="2019-08-13T15:50:37Z" duration-ms="367" status="PASS">
          <reporter-output>
          </reporter-output>
        </test-method> <!-- beforeMethod -->
        <test-method signature="wrongAddProductToCart()[pri:0, instance:test.TestCartFunctional@75b3673]" started-at="2019-08-13T15:50:37Z" name="wrongAddProductToCart" finished-at="2019-08-13T15:50:40Z" duration-ms="2767" status="FAIL">
          <exception class="java.lang.AssertionError">
            <message>
              <![CDATA[expected [true] but found [false]]]>
            </message>
            <full-stacktrace>
              <![CDATA[java.lang.AssertionError: expected [true] but found [false]
at org.testng.Assert.fail(Assert.java:96)
at org.testng.Assert.failNotEquals(Assert.java:776)
at org.testng.Assert.assertTrue(Assert.java:44)
at org.testng.Assert.assertTrue(Assert.java:54)
at test.TestCartFunctional.wrongAddProductToCart(TestCartFunctional.java:84)
at java.base/jdk.internal.reflect.NativeMethodAccessorImpl.invoke0(Native Method)
at java.base/jdk.internal.reflect.NativeMethodAccessorImpl.invoke(NativeMethodAccessorImpl.java:62)
at java.base/jdk.internal.reflect.DelegatingMethodAccessorImpl.invoke(DelegatingMethodAccessorImpl.java:43)
at java.base/java.lang.reflect.Method.invoke(Method.java:567)
at org.testng.internal.MethodInvocationHelper.invokeMethod(MethodInvocationHelper.java:124)
at org.testng.internal.Invoker.invokeMethod(Invoker.java:583)
at org.testng.internal.Invoker.invokeTestMethod(Invoker.java:719)
at org.testng.internal.Invoker.invokeTestMethods(Invoker.java:989)
at org.testng.internal.TestMethodWorker.invokeTestMethods(TestMethodWorker.java:125)
at org.testng.internal.TestMethodWorker.run(TestMethodWorker.java:109)
at org.testng.TestRunner.privateRun(TestRunner.java:648)
at org.testng.TestRunner.run(TestRunner.java:505)
at org.testng.SuiteRunner.runTest(SuiteRunner.java:455)
at org.testng.SuiteRunner.runSequentially(SuiteRunner.java:450)
at org.testng.SuiteRunner.privateRun(SuiteRunner.java:415)
at org.testng.SuiteRunner.run(SuiteRunner.java:364)
at org.testng.SuiteRunnerWorker.runSuite(SuiteRunnerWorker.java:52)
at org.testng.SuiteRunnerWorker.run(SuiteRunnerWorker.java:84)
at org.testng.TestNG.runSuitesSequentially(TestNG.java:1208)
at org.testng.TestNG.runSuitesLocally(TestNG.java:1137)
at org.testng.TestNG.runSuites(TestNG.java:1049)
at org.testng.TestNG.run(TestNG.java:1017)
at org.apache.maven.surefire.testng.TestNGExecutor.run(TestNGExecutor.java:283)
at org.apache.maven.surefire.testng.TestNGXmlTestSuite.execute(TestNGXmlTestSuite.java:75)
at org.apache.maven.surefire.testng.TestNGProvider.invoke(TestNGProvider.java:120)
at org.apache.maven.surefire.booter.ForkedBooter.invokeProviderInSameClassLoader(ForkedBooter.java:384)
at org.apache.maven.surefire.booter.ForkedBooter.runSuitesInProcess(ForkedBooter.java:345)
at org.apache.maven.surefire.booter.ForkedBooter.execute(ForkedBooter.java:126)
at org.apache.maven.surefire.booter.ForkedBooter.main(ForkedBooter.java:418)
]]>
            </full-stacktrace>
          </exception> <!-- java.lang.AssertionError -->
          <reporter-output>
          </reporter-output>
        </test-method> <!-- wrongAddProductToCart -->
        <test-method is-config="true" signature="afterMethod(org.testng.ITestResult)[pri:0, instance:test.TestCartFunctional@75b3673]" started-at="2019-08-13T15:50:40Z" name="afterMethod" finished-at="2019-08-13T15:50:40Z" duration-ms="286" status="PASS">
          <params>
            <param index="0">
              <value>
                <![CDATA[[TestResult name=wrongAddProductToCart status=FAILURE method=TestCartFunctional.wrongAddProductToCart()[pri:0, instance:test.TestCartFunctional@75b3673] output={null}]]]>
              </value>
            </param>
          </params>
          <reporter-output>
          </reporter-output>
        </test-method> <!-- afterMethod -->
        <test-method is-config="true" signature="tearDown()[pri:0, instance:test.TestCartFunctional@75b3673]" started-at="2019-08-13T15:50:40Z" name="tearDown" finished-at="2019-08-13T15:50:41Z" duration-ms="613" status="PASS">
          <reporter-output>
          </reporter-output>
        </test-method> <!-- tearDown -->
      </class> <!-- test.TestCartFunctional -->
    </test> <!-- Cart Functional Test -->
  </suite> <!-- PrestashopTest -->
</testng-results>
