<?xml version="1.0" encoding="UTF-8"?>
<!-- Generated by org.testng.reporters.JUnitXMLReporter -->
<testsuite ignored="0" hostname="Brain-ПК" failures="1" tests="4" name="Command line test 7bff5c9f-7448-4746-91e5-dee4527f50da" time="30.493" errors="0" timestamp="13 серп. 2019 15:10:06 GMT">
  <testcase classname="test.TestCartFunctional" name="addProductToCart" time="8.719"/>
  <testcase classname="test.TestCartFunctional" name="deleteProductFromShoppingCart" time="4.838"/>
  <testcase classname="test.TestCartFunctional" name="priceProductFromShoppingCart" time="5.779"/>
  <testcase classname="test.TestCartFunctional" name="wrongAddProductToCart" time="2.745">
    <failure type="java.lang.AssertionError" message="expected [true] but found [false]">
      <![CDATA[java.lang.AssertionError: expected [true] but found [false]
at test.TestCartFunctional.wrongAddProductToCart(TestCartFunctional.java:84)
... Removed 33 stack frames]]>
    </failure>
  </testcase> <!-- wrongAddProductToCart -->
</testsuite> <!-- Command line test 7bff5c9f-7448-4746-91e5-dee4527f50da -->
